<?xml version="1.0" encoding="UTF-8"?>
<testsuite xmlns:xsi="http://www.w3.org/2001/XMLSchema-instance" xsi:noNamespaceSchemaLocation="https://maven.apache.org/surefire/maven-surefire-plugin/xsd/surefire-test-report-3.0.xsd" version="3.0" name="TestSuite" time="218.009" tests="16" errors="0" skipped="0" failures="0">
  <properties>
    <property name="java.specification.version" value="21"/>
    <property name="sun.cpu.isalist" value="amd64"/>
    <property name="sun.jnu.encoding" value="Cp1252"/>
    <property name="java.class.path" value="C:\Users\kisho\IdeaProjects\workspaceAutomation\FreeCRMTestAutomation\target\test-classes;C:\Users\kisho\IdeaProjects\workspaceAutomation\FreeCRMTestAutomation\target\classes;C:\Users\kisho\.m2\repository\org\seleniumhq\selenium\selenium-java\4.16.1\selenium-java-4.16.1.jar;C:\Users\kisho\.m2\repository\org\seleniumhq\selenium\selenium-api\4.16.1\selenium-api-4.16.1.jar;C:\Users\kisho\.m2\repository\org\seleniumhq\selenium\selenium-chrome-driver\4.16.1\selenium-chrome-driver-4.16.1.jar;C:\Users\kisho\.m2\repository\com\google\auto\service\auto-service-annotations\1.1.1\auto-service-annotations-1.1.1.jar;C:\Users\kisho\.m2\repository\org\seleniumhq\selenium\selenium-chromium-driver\4.16.1\selenium-chromium-driver-4.16.1.jar;C:\Users\kisho\.m2\repository\org\seleniumhq\selenium\selenium-json\4.16.1\selenium-json-4.16.1.jar;C:\Users\kisho\.m2\repository\org\seleniumhq\selenium\selenium-manager\4.16.1\selenium-manager-4.16.1.jar;C:\Users\kisho\.m2\repository\org\seleniumhq\selenium\selenium-devtools-v118\4.16.1\selenium-devtools-v118-4.16.1.jar;C:\Users\kisho\.m2\repository\org\seleniumhq\selenium\selenium-devtools-v119\4.16.1\selenium-devtools-v119-4.16.1.jar;C:\Users\kisho\.m2\repository\org\seleniumhq\selenium\selenium-devtools-v120\4.16.1\selenium-devtools-v120-4.16.1.jar;C:\Users\kisho\.m2\repository\org\seleniumhq\selenium\selenium-devtools-v85\4.16.1\selenium-devtools-v85-4.16.1.jar;C:\Users\kisho\.m2\repository\org\seleniumhq\selenium\selenium-edge-driver\4.16.1\selenium-edge-driver-4.16.1.jar;C:\Users\kisho\.m2\repository\org\seleniumhq\selenium\selenium-firefox-driver\4.16.1\selenium-firefox-driver-4.16.1.jar;C:\Users\kisho\.m2\repository\org\seleniumhq\selenium\selenium-http\4.16.1\selenium-http-4.16.1.jar;C:\Users\kisho\.m2\repository\dev\failsafe\failsafe\3.3.2\failsafe-3.3.2.jar;C:\Users\kisho\.m2\repository\org\seleniumhq\selenium\selenium-ie-driver\4.16.1\selenium-ie-driver-4.16.1.jar;C:\Users\kisho\.m2\repository\org\seleniumhq\selenium\selenium-remote-driver\4.16.1\selenium-remote-driver-4.16.1.jar;C:\Users\kisho\.m2\repository\com\google\guava\guava\32.1.2-jre\guava-32.1.2-jre.jar;C:\Users\kisho\.m2\repository\com\google\guava\failureaccess\1.0.1\failureaccess-1.0.1.jar;C:\Users\kisho\.m2\repository\com\google\guava\listenablefuture\9999.0-empty-to-avoid-conflict-with-guava\listenablefuture-9999.0-empty-to-avoid-conflict-with-guava.jar;C:\Users\kisho\.m2\repository\com\google\code\findbugs\jsr305\3.0.2\jsr305-3.0.2.jar;C:\Users\kisho\.m2\repository\org\checkerframework\checker-qual\3.33.0\checker-qual-3.33.0.jar;C:\Users\kisho\.m2\repository\com\google\errorprone\error_prone_annotations\2.18.0\error_prone_annotations-2.18.0.jar;C:\Users\kisho\.m2\repository\com\google\j2objc\j2objc-annotations\2.8\j2objc-annotations-2.8.jar;C:\Users\kisho\.m2\repository\io\opentelemetry\opentelemetry-api\1.28.0\opentelemetry-api-1.28.0.jar;C:\Users\kisho\.m2\repository\io\opentelemetry\opentelemetry-context\1.28.0\opentelemetry-context-1.28.0.jar;C:\Users\kisho\.m2\repository\io\opentelemetry\opentelemetry-exporter-logging\1.28.0\opentelemetry-exporter-logging-1.28.0.jar;C:\Users\kisho\.m2\repository\io\opentelemetry\opentelemetry-sdk-metrics\1.28.0\opentelemetry-sdk-metrics-1.28.0.jar;C:\Users\kisho\.m2\repository\io\opentelemetry\opentelemetry-extension-incubator\1.28.0-alpha\opentelemetry-extension-incubator-1.28.0-alpha.jar;C:\Users\kisho\.m2\repository\io\opentelemetry\opentelemetry-sdk-logs\1.28.0\opentelemetry-sdk-logs-1.28.0.jar;C:\Users\kisho\.m2\repository\io\opentelemetry\opentelemetry-sdk-common\1.28.0\opentelemetry-sdk-common-1.28.0.jar;C:\Users\kisho\.m2\repository\io\opentelemetry\opentelemetry-sdk-extension-autoconfigure-spi\1.28.0\opentelemetry-sdk-extension-autoconfigure-spi-1.28.0.jar;C:\Users\kisho\.m2\repository\io\opentelemetry\opentelemetry-sdk-extension-autoconfigure\1.28.0\opentelemetry-sdk-extension-autoconfigure-1.28.0.jar;C:\Users\kisho\.m2\repository\io\opentelemetry\opentelemetry-api-events\1.28.0-alpha\opentelemetry-api-events-1.28.0-alpha.jar;C:\Users\kisho\.m2\repository\io\opentelemetry\opentelemetry-sdk-trace\1.28.0\opentelemetry-sdk-trace-1.28.0.jar;C:\Users\kisho\.m2\repository\io\opentelemetry\opentelemetry-sdk\1.28.0\opentelemetry-sdk-1.28.0.jar;C:\Users\kisho\.m2\repository\io\opentelemetry\opentelemetry-semconv\1.28.0-alpha\opentelemetry-semconv-1.28.0-alpha.jar;C:\Users\kisho\.m2\repository\net\bytebuddy\byte-buddy\1.14.5\byte-buddy-1.14.5.jar;C:\Users\kisho\.m2\repository\org\seleniumhq\selenium\selenium-os\4.16.1\selenium-os-4.16.1.jar;C:\Users\kisho\.m2\repository\org\apache\commons\commons-exec\1.3\commons-exec-1.3.jar;C:\Users\kisho\.m2\repository\org\seleniumhq\selenium\selenium-safari-driver\4.16.1\selenium-safari-driver-4.16.1.jar;C:\Users\kisho\.m2\repository\org\seleniumhq\selenium\selenium-support\4.16.1\selenium-support-4.16.1.jar;C:\Users\kisho\.m2\repository\org\testng\testng\7.9.0\testng-7.9.0.jar;C:\Users\kisho\.m2\repository\org\slf4j\slf4j-api\1.7.36\slf4j-api-1.7.36.jar;C:\Users\kisho\.m2\repository\com\beust\jcommander\1.82\jcommander-1.82.jar;C:\Users\kisho\.m2\repository\org\webjars\jquery\3.7.1\jquery-3.7.1.jar;C:\Users\kisho\.m2\repository\org\apache\poi\poi\5.2.5\poi-5.2.5.jar;C:\Users\kisho\.m2\repository\commons-codec\commons-codec\1.16.0\commons-codec-1.16.0.jar;C:\Users\kisho\.m2\repository\org\apache\commons\commons-collections4\4.4\commons-collections4-4.4.jar;C:\Users\kisho\.m2\repository\org\apache\commons\commons-math3\3.6.1\commons-math3-3.6.1.jar;C:\Users\kisho\.m2\repository\commons-io\commons-io\2.15.0\commons-io-2.15.0.jar;C:\Users\kisho\.m2\repository\com\zaxxer\SparseBitSet\1.3\SparseBitSet-1.3.jar;C:\Users\kisho\.m2\repository\org\apache\logging\log4j\log4j-api\2.21.1\log4j-api-2.21.1.jar;C:\Users\kisho\.m2\repository\org\apache\poi\poi-ooxml\5.2.5\poi-ooxml-5.2.5.jar;C:\Users\kisho\.m2\repository\org\apache\poi\poi-ooxml-lite\5.2.5\poi-ooxml-lite-5.2.5.jar;C:\Users\kisho\.m2\repository\org\apache\xmlbeans\xmlbeans\5.2.0\xmlbeans-5.2.0.jar;C:\Users\kisho\.m2\repository\org\apache\commons\commons-compress\1.25.0\commons-compress-1.25.0.jar;C:\Users\kisho\.m2\repository\com\github\virtuald\curvesapi\1.08\curvesapi-1.08.jar;C:\Users\kisho\.m2\repository\org\apache\poi\poi-ooxml-schemas\4.1.2\poi-ooxml-schemas-4.1.2.jar;C:\Users\kisho\.m2\repository\org\apache\poi\poi-scratchpad\5.2.5\poi-scratchpad-5.2.5.jar;C:\Users\kisho\.m2\repository\org\apache\poi\ooxml-schemas\1.4\ooxml-schemas-1.4.jar;C:\Users\kisho\.m2\repository\org\apache\poi\openxml4j\1.0-beta\openxml4j-1.0-beta.jar;C:\Users\kisho\.m2\repository\dom4j\dom4j\1.6.1\dom4j-1.6.1.jar;C:\Users\kisho\.m2\repository\xml-apis\xml-apis\1.0.b2\xml-apis-1.0.b2.jar;C:\Users\kisho\.m2\repository\log4j\log4j\1.2.8\log4j-1.2.8.jar;C:\Users\kisho\.m2\repository\com\relevantcodes\extentreports\2.41.2\extentreports-2.41.2.jar;C:\Users\kisho\.m2\repository\org\jsoup\jsoup\1.8.3\jsoup-1.8.3.jar;C:\Users\kisho\.m2\repository\org\xerial\sqlite-jdbc\3.8.11.1\sqlite-jdbc-3.8.11.1.jar;C:\Users\kisho\.m2\repository\org\freemarker\freemarker\2.3.23\freemarker-2.3.23.jar;C:\Users\kisho\.m2\repository\org\mongodb\mongodb-driver\3.0.4\mongodb-driver-3.0.4.jar;C:\Users\kisho\.m2\repository\org\mongodb\bson\3.0.4\bson-3.0.4.jar;C:\Users\kisho\.m2\repository\org\mongodb\mongodb-driver-core\3.0.4\mongodb-driver-core-3.0.4.jar;"/>
    <property name="java.vm.vendor" value="Oracle Corporation"/>
    <property name="sun.arch.data.model" value="64"/>
    <property name="user.variant" value=""/>
    <property name="java.vendor.url" value="https://java.oracle.com/"/>
    <property name="user.timezone" value="America/Chicago"/>
    <property name="os.name" value="Windows 11"/>
    <property name="java.vm.specification.version" value="21"/>
    <property name="sun.java.launcher" value="SUN_STANDARD"/>
    <property name="user.country" value="US"/>
    <property name="sun.boot.library.path" value="C:\Program Files\Java\jdk-21\bin"/>
    <property name="sun.java.command" value="C:\Users\kisho\AppData\Local\Temp\surefire16705220115540539840\surefirebooter-20240124214030023_3.jar C:\Users\kisho\AppData\Local\Temp\surefire16705220115540539840 2024-01-24T21-40-29_458-jvmRun1 surefire-20240124214030023_1tmp surefire_0-20240124214030023_2tmp"/>
    <property name="jdk.debug" value="release"/>
    <property name="surefire.test.class.path" value="C:\Users\kisho\IdeaProjects\workspaceAutomation\FreeCRMTestAutomation\target\test-classes;C:\Users\kisho\IdeaProjects\workspaceAutomation\FreeCRMTestAutomation\target\classes;C:\Users\kisho\.m2\repository\org\seleniumhq\selenium\selenium-java\4.16.1\selenium-java-4.16.1.jar;C:\Users\kisho\.m2\repository\org\seleniumhq\selenium\selenium-api\4.16.1\selenium-api-4.16.1.jar;C:\Users\kisho\.m2\repository\org\seleniumhq\selenium\selenium-chrome-driver\4.16.1\selenium-chrome-driver-4.16.1.jar;C:\Users\kisho\.m2\repository\com\google\auto\service\auto-service-annotations\1.1.1\auto-service-annotations-1.1.1.jar;C:\Users\kisho\.m2\repository\org\seleniumhq\selenium\selenium-chromium-driver\4.16.1\selenium-chromium-driver-4.16.1.jar;C:\Users\kisho\.m2\repository\org\seleniumhq\selenium\selenium-json\4.16.1\selenium-json-4.16.1.jar;C:\Users\kisho\.m2\repository\org\seleniumhq\selenium\selenium-manager\4.16.1\selenium-manager-4.16.1.jar;C:\Users\kisho\.m2\repository\org\seleniumhq\selenium\selenium-devtools-v118\4.16.1\selenium-devtools-v118-4.16.1.jar;C:\Users\kisho\.m2\repository\org\seleniumhq\selenium\selenium-devtools-v119\4.16.1\selenium-devtools-v119-4.16.1.jar;C:\Users\kisho\.m2\repository\org\seleniumhq\selenium\selenium-devtools-v120\4.16.1\selenium-devtools-v120-4.16.1.jar;C:\Users\kisho\.m2\repository\org\seleniumhq\selenium\selenium-devtools-v85\4.16.1\selenium-devtools-v85-4.16.1.jar;C:\Users\kisho\.m2\repository\org\seleniumhq\selenium\selenium-edge-driver\4.16.1\selenium-edge-driver-4.16.1.jar;C:\Users\kisho\.m2\repository\org\seleniumhq\selenium\selenium-firefox-driver\4.16.1\selenium-firefox-driver-4.16.1.jar;C:\Users\kisho\.m2\repository\org\seleniumhq\selenium\selenium-http\4.16.1\selenium-http-4.16.1.jar;C:\Users\kisho\.m2\repository\dev\failsafe\failsafe\3.3.2\failsafe-3.3.2.jar;C:\Users\kisho\.m2\repository\org\seleniumhq\selenium\selenium-ie-driver\4.16.1\selenium-ie-driver-4.16.1.jar;C:\Users\kisho\.m2\repository\org\seleniumhq\selenium\selenium-remote-driver\4.16.1\selenium-remote-driver-4.16.1.jar;C:\Users\kisho\.m2\repository\com\google\guava\guava\32.1.2-jre\guava-32.1.2-jre.jar;C:\Users\kisho\.m2\repository\com\google\guava\failureaccess\1.0.1\failureaccess-1.0.1.jar;C:\Users\kisho\.m2\repository\com\google\guava\listenablefuture\9999.0-empty-to-avoid-conflict-with-guava\listenablefuture-9999.0-empty-to-avoid-conflict-with-guava.jar;C:\Users\kisho\.m2\repository\com\google\code\findbugs\jsr305\3.0.2\jsr305-3.0.2.jar;C:\Users\kisho\.m2\repository\org\checkerframework\checker-qual\3.33.0\checker-qual-3.33.0.jar;C:\Users\kisho\.m2\repository\com\google\errorprone\error_prone_annotations\2.18.0\error_prone_annotations-2.18.0.jar;C:\Users\kisho\.m2\repository\com\google\j2objc\j2objc-annotations\2.8\j2objc-annotations-2.8.jar;C:\Users\kisho\.m2\repository\io\opentelemetry\opentelemetry-api\1.28.0\opentelemetry-api-1.28.0.jar;C:\Users\kisho\.m2\repository\io\opentelemetry\opentelemetry-context\1.28.0\opentelemetry-context-1.28.0.jar;C:\Users\kisho\.m2\repository\io\opentelemetry\opentelemetry-exporter-logging\1.28.0\opentelemetry-exporter-logging-1.28.0.jar;C:\Users\kisho\.m2\repository\io\opentelemetry\opentelemetry-sdk-metrics\1.28.0\opentelemetry-sdk-metrics-1.28.0.jar;C:\Users\kisho\.m2\repository\io\opentelemetry\opentelemetry-extension-incubator\1.28.0-alpha\opentelemetry-extension-incubator-1.28.0-alpha.jar;C:\Users\kisho\.m2\repository\io\opentelemetry\opentelemetry-sdk-logs\1.28.0\opentelemetry-sdk-logs-1.28.0.jar;C:\Users\kisho\.m2\repository\io\opentelemetry\opentelemetry-sdk-common\1.28.0\opentelemetry-sdk-common-1.28.0.jar;C:\Users\kisho\.m2\repository\io\opentelemetry\opentelemetry-sdk-extension-autoconfigure-spi\1.28.0\opentelemetry-sdk-extension-autoconfigure-spi-1.28.0.jar;C:\Users\kisho\.m2\repository\io\opentelemetry\opentelemetry-sdk-extension-autoconfigure\1.28.0\opentelemetry-sdk-extension-autoconfigure-1.28.0.jar;C:\Users\kisho\.m2\repository\io\opentelemetry\opentelemetry-api-events\1.28.0-alpha\opentelemetry-api-events-1.28.0-alpha.jar;C:\Users\kisho\.m2\repository\io\opentelemetry\opentelemetry-sdk-trace\1.28.0\opentelemetry-sdk-trace-1.28.0.jar;C:\Users\kisho\.m2\repository\io\opentelemetry\opentelemetry-sdk\1.28.0\opentelemetry-sdk-1.28.0.jar;C:\Users\kisho\.m2\repository\io\opentelemetry\opentelemetry-semconv\1.28.0-alpha\opentelemetry-semconv-1.28.0-alpha.jar;C:\Users\kisho\.m2\repository\net\bytebuddy\byte-buddy\1.14.5\byte-buddy-1.14.5.jar;C:\Users\kisho\.m2\repository\org\seleniumhq\selenium\selenium-os\4.16.1\selenium-os-4.16.1.jar;C:\Users\kisho\.m2\repository\org\apache\commons\commons-exec\1.3\commons-exec-1.3.jar;C:\Users\kisho\.m2\repository\org\seleniumhq\selenium\selenium-safari-driver\4.16.1\selenium-safari-driver-4.16.1.jar;C:\Users\kisho\.m2\repository\org\seleniumhq\selenium\selenium-support\4.16.1\selenium-support-4.16.1.jar;C:\Users\kisho\.m2\repository\org\testng\testng\7.9.0\testng-7.9.0.jar;C:\Users\kisho\.m2\repository\org\slf4j\slf4j-api\1.7.36\slf4j-api-1.7.36.jar;C:\Users\kisho\.m2\repository\com\beust\jcommander\1.82\jcommander-1.82.jar;C:\Users\kisho\.m2\repository\org\webjars\jquery\3.7.1\jquery-3.7.1.jar;C:\Users\kisho\.m2\repository\org\apache\poi\poi\5.2.5\poi-5.2.5.jar;C:\Users\kisho\.m2\repository\commons-codec\commons-codec\1.16.0\commons-codec-1.16.0.jar;C:\Users\kisho\.m2\repository\org\apache\commons\commons-collections4\4.4\commons-collections4-4.4.jar;C:\Users\kisho\.m2\repository\org\apache\commons\commons-math3\3.6.1\commons-math3-3.6.1.jar;C:\Users\kisho\.m2\repository\commons-io\commons-io\2.15.0\commons-io-2.15.0.jar;C:\Users\kisho\.m2\repository\com\zaxxer\SparseBitSet\1.3\SparseBitSet-1.3.jar;C:\Users\kisho\.m2\repository\org\apache\logging\log4j\log4j-api\2.21.1\log4j-api-2.21.1.jar;C:\Users\kisho\.m2\repository\org\apache\poi\poi-ooxml\5.2.5\poi-ooxml-5.2.5.jar;C:\Users\kisho\.m2\repository\org\apache\poi\poi-ooxml-lite\5.2.5\poi-ooxml-lite-5.2.5.jar;C:\Users\kisho\.m2\repository\org\apache\xmlbeans\xmlbeans\5.2.0\xmlbeans-5.2.0.jar;C:\Users\kisho\.m2\repository\org\apache\commons\commons-compress\1.25.0\commons-compress-1.25.0.jar;C:\Users\kisho\.m2\repository\com\github\virtuald\curvesapi\1.08\curvesapi-1.08.jar;C:\Users\kisho\.m2\repository\org\apache\poi\poi-ooxml-schemas\4.1.2\poi-ooxml-schemas-4.1.2.jar;C:\Users\kisho\.m2\repository\org\apache\poi\poi-scratchpad\5.2.5\poi-scratchpad-5.2.5.jar;C:\Users\kisho\.m2\repository\org\apache\poi\ooxml-schemas\1.4\ooxml-schemas-1.4.jar;C:\Users\kisho\.m2\repository\org\apache\poi\openxml4j\1.0-beta\openxml4j-1.0-beta.jar;C:\Users\kisho\.m2\repository\dom4j\dom4j\1.6.1\dom4j-1.6.1.jar;C:\Users\kisho\.m2\repository\xml-apis\xml-apis\1.0.b2\xml-apis-1.0.b2.jar;C:\Users\kisho\.m2\repository\log4j\log4j\1.2.8\log4j-1.2.8.jar;C:\Users\kisho\.m2\repository\com\relevantcodes\extentreports\2.41.2\extentreports-2.41.2.jar;C:\Users\kisho\.m2\repository\org\jsoup\jsoup\1.8.3\jsoup-1.8.3.jar;C:\Users\kisho\.m2\repository\org\xerial\sqlite-jdbc\3.8.11.1\sqlite-jdbc-3.8.11.1.jar;C:\Users\kisho\.m2\repository\org\freemarker\freemarker\2.3.23\freemarker-2.3.23.jar;C:\Users\kisho\.m2\repository\org\mongodb\mongodb-driver\3.0.4\mongodb-driver-3.0.4.jar;C:\Users\kisho\.m2\repository\org\mongodb\bson\3.0.4\bson-3.0.4.jar;C:\Users\kisho\.m2\repository\org\mongodb\mongodb-driver-core\3.0.4\mongodb-driver-core-3.0.4.jar;"/>
    <property name="sun.cpu.endian" value="little"/>
    <property name="user.home" value="C:\Users\kisho"/>
    <property name="user.language" value="en"/>
    <property name="java.specification.vendor" value="Oracle Corporation"/>
    <property name="java.version.date" value="2023-10-17"/>
    <property name="java.home" value="C:\Program Files\Java\jdk-21"/>
    <property name="file.separator" value="\"/>
    <property name="basedir" value="C:\Users\kisho\IdeaProjects\workspaceAutomation\FreeCRMTestAutomation"/>
    <property name="java.vm.compressedOopsMode" value="Zero based"/>
    <property name="line.separator" value="&#10;"/>
    <property name="java.vm.specification.vendor" value="Oracle Corporation"/>
    <property name="java.specification.name" value="Java Platform API Specification"/>
    <property name="surefire.real.class.path" value="C:\Users\kisho\AppData\Local\Temp\surefire16705220115540539840\surefirebooter-20240124214030023_3.jar"/>
    <property name="user.script" value=""/>
    <property name="sun.management.compiler" value="HotSpot 64-Bit Tiered Compilers"/>
    <property name="java.runtime.version" value="21.0.1+12-LTS-29"/>
    <property name="user.name" value="kisho"/>
    <property name="stdout.encoding" value="Cp1252"/>
    <property name="path.separator" value=";"/>
    <property name="os.version" value="10.0"/>
    <property name="java.runtime.name" value="Java(TM) SE Runtime Environment"/>
    <property name="file.encoding" value="UTF-8"/>
    <property name="java.vm.name" value="Java HotSpot(TM) 64-Bit Server VM"/>
    <property name="localRepository" value="C:\Users\kisho\.m2\repository"/>
    <property name="java.vendor.url.bug" value="https://bugreport.java.com/bugreport/"/>
    <property name="java.io.tmpdir" value="C:\Users\kisho\AppData\Local\Temp\"/>
    <property name="java.version" value="21.0.1"/>
    <property name="user.dir" value="C:\Users\kisho\IdeaProjects\workspaceAutomation\FreeCRMTestAutomation"/>
    <property name="os.arch" value="amd64"/>
    <property name="java.vm.specification.name" value="Java Virtual Machine Specification"/>
    <property name="sun.os.patch.level" value=""/>
    <property name="native.encoding" value="Cp1252"/>
    <property name="java.library.path" value="C:\Program Files\Java\jdk-21\bin;C:\WINDOWS\Sun\Java\bin;C:\WINDOWS\system32;C:\WINDOWS;C:\Users\kisho\.jenkins\tools\hudson.tasks.Maven_MavenInstallation\TestMaven/bin;C:\Program Files\Common Files\Oracle\Java\javapath;C:\Program Files (x86)\Common Files\Oracle\Java\javapath;C:\WINDOWS\system32;C:\WINDOWS;C:\WINDOWS\System32\Wbem;C:\WINDOWS\System32\WindowsPowerShell\v1.0\;C:\WINDOWS\System32\OpenSSH\;C:\Program Files\Git\cmd;C:\Program Files\apache-maven-3.9.6\bin;C:\Users\kisho\AppData\Local\Microsoft\WindowsApps;C:\Program Files\Java\jdk-18.0.2.1\bin;C:\Users\kisho\AppData\Local\JetBrains\Toolbox\scripts;;C:\Users\kisho\AppData\Local\Programs\Microsoft VS Code\bin;C:\Users\kisho\AppData\Local\Microsoft\WindowsApps;."/>
    <property name="java.vm.info" value="mixed mode, sharing"/>
    <property name="stderr.encoding" value="Cp1252"/>
    <property name="java.vendor" value="Oracle Corporation"/>
    <property name="java.vm.version" value="21.0.1+12-LTS-29"/>
    <property name="sun.io.unicode.encoding" value="UnicodeLittle"/>
    <property name="java.class.version" value="65.0"/>
  </properties>
  <testcase name="verifypageNumberTEst" classname="com.crm.qa.testcases.ContactsPageTest" time="0.058">
    <system-out><![CDATA[Before navigating to: 'https://freecrm.com/'
Navigated to:'https://freecrm.com/'
Trying to find Element By : By.xpath: //a/span[@class="icon icon-xs mdi-chart-bar"]
Found Element By : By.xpath: //a/span[@class="icon icon-xs mdi-chart-bar"]
Trying to click on: [[ChromeDriver: chrome on windows (4048c661a085f605774cf869f8b30f19)] -> xpath: //a/span[@class="icon icon-xs mdi-chart-bar"]]
Clicked on: [[ChromeDriver: chrome on windows (4048c661a085f605774cf869f8b30f19)] -> xpath: //a/span[@class="icon icon-xs mdi-chart-bar"]]
Trying to find Element By : By.xpath: //input[@name="email"]
Found Element By : By.xpath: //input[@name="email"]
Trying to find Element By : By.xpath: //input[@name="password"]
Found Element By : By.xpath: //input[@name="password"]
Trying to find Element By : By.cssSelector: div[class="ui fluid large blue submit button"]
Found Element By : By.cssSelector: div[class="ui fluid large blue submit button"]
Trying to click on: [[ChromeDriver: chrome on windows (4048c661a085f605774cf869f8b30f19)] -> css selector: div[class="ui fluid large blue submit button"]]
Clicked on: [[ChromeDriver: chrome on windows (4048c661a085f605774cf869f8b30f19)] -> css selector: div[class="ui fluid large blue submit button"]]
Trying to find Element By : By.xpath: //a[contains(@href,"contacts")]
Found Element By : By.xpath: //a[contains(@href,"contacts")]
Trying to click on: [[ChromeDriver: chrome on windows (4048c661a085f605774cf869f8b30f19)] -> xpath: //a[contains(@href,"contacts")]]
Clicked on: [[ChromeDriver: chrome on windows (4048c661a085f605774cf869f8b30f19)] -> xpath: //a[contains(@href,"contacts")]]
Trying to find Element By : By.xpath: //th/div/a/following-sibling::a[@class="item active"]
Found Element By : By.xpath: //th/div/a/following-sibling::a[@class="item active"]
Trying to click on: [[ChromeDriver: chrome on windows (4048c661a085f605774cf869f8b30f19)] -> xpath: //th/div/a/following-sibling::a[@class="item active"]]
Clicked on: [[ChromeDriver: chrome on windows (4048c661a085f605774cf869f8b30f19)] -> xpath: //th/div/a/following-sibling::a[@class="item active"]]
]]></system-out>
    <system-err><![CDATA[SLF4J: Failed to load class "org.slf4j.impl.StaticLoggerBinder".
SLF4J: Defaulting to no-operation (NOP) logger implementation
SLF4J: See http://www.slf4j.org/codes.html#StaticLoggerBinder for further details.
]]></system-err>
  </testcase>
  <testcase name="verifyContactsPageLabel" classname="com.crm.qa.testcases.ContactsPageTest" time="0.139">
    <system-out><![CDATA[Before navigating to: 'https://freecrm.com/'
Navigated to:'https://freecrm.com/'
Trying to find Element By : By.xpath: //a/span[@class="icon icon-xs mdi-chart-bar"]
Found Element By : By.xpath: //a/span[@class="icon icon-xs mdi-chart-bar"]
Trying to click on: [[ChromeDriver: chrome on windows (7a21804d5eac707c9a56aa3e32f3e75a)] -> xpath: //a/span[@class="icon icon-xs mdi-chart-bar"]]
Clicked on: [[ChromeDriver: chrome on windows (7a21804d5eac707c9a56aa3e32f3e75a)] -> xpath: //a/span[@class="icon icon-xs mdi-chart-bar"]]
Trying to find Element By : By.xpath: //input[@name="email"]
Found Element By : By.xpath: //input[@name="email"]
Trying to find Element By : By.xpath: //input[@name="password"]
Found Element By : By.xpath: //input[@name="password"]
Trying to find Element By : By.cssSelector: div[class="ui fluid large blue submit button"]
Found Element By : By.cssSelector: div[class="ui fluid large blue submit button"]
Trying to click on: [[ChromeDriver: chrome on windows (7a21804d5eac707c9a56aa3e32f3e75a)] -> css selector: div[class="ui fluid large blue submit button"]]
Clicked on: [[ChromeDriver: chrome on windows (7a21804d5eac707c9a56aa3e32f3e75a)] -> css selector: div[class="ui fluid large blue submit button"]]
Trying to find Element By : By.xpath: //a[contains(@href,"contacts")]
Found Element By : By.xpath: //a[contains(@href,"contacts")]
Trying to click on: [[ChromeDriver: chrome on windows (7a21804d5eac707c9a56aa3e32f3e75a)] -> xpath: //a[contains(@href,"contacts")]]
Clicked on: [[ChromeDriver: chrome on windows (7a21804d5eac707c9a56aa3e32f3e75a)] -> xpath: //a[contains(@href,"contacts")]]
Trying to find Element By : By.xpath: //th/div/a/following-sibling::a[@class="item active"]
Found Element By : By.xpath: //th/div/a/following-sibling::a[@class="item active"]
Trying to click on: [[ChromeDriver: chrome on windows (7a21804d5eac707c9a56aa3e32f3e75a)] -> xpath: //th/div/a/following-sibling::a[@class="item active"]]
Clicked on: [[ChromeDriver: chrome on windows (7a21804d5eac707c9a56aa3e32f3e75a)] -> xpath: //th/div/a/following-sibling::a[@class="item active"]]
Trying to find Element By : By.xpath: //span[@class="selectable "]
Found Element By : By.xpath: //span[@class="selectable "]
]]></system-out>
  </testcase>
  <testcase name="selectContactTest" classname="com.crm.qa.testcases.ContactsPageTest" time="0.115">
    <system-out><![CDATA[Before navigating to: 'https://freecrm.com/'
Navigated to:'https://freecrm.com/'
Trying to find Element By : By.xpath: //a/span[@class="icon icon-xs mdi-chart-bar"]
Found Element By : By.xpath: //a/span[@class="icon icon-xs mdi-chart-bar"]
Trying to click on: [[ChromeDriver: chrome on windows (190647f1a34d77fc51144544ff330958)] -> xpath: //a/span[@class="icon icon-xs mdi-chart-bar"]]
Clicked on: [[ChromeDriver: chrome on windows (190647f1a34d77fc51144544ff330958)] -> xpath: //a/span[@class="icon icon-xs mdi-chart-bar"]]
Trying to find Element By : By.xpath: //input[@name="email"]
Found Element By : By.xpath: //input[@name="email"]
Trying to find Element By : By.xpath: //input[@name="password"]
Found Element By : By.xpath: //input[@name="password"]
Trying to find Element By : By.cssSelector: div[class="ui fluid large blue submit button"]
Found Element By : By.cssSelector: div[class="ui fluid large blue submit button"]
Trying to click on: [[ChromeDriver: chrome on windows (190647f1a34d77fc51144544ff330958)] -> css selector: div[class="ui fluid large blue submit button"]]
Clicked on: [[ChromeDriver: chrome on windows (190647f1a34d77fc51144544ff330958)] -> css selector: div[class="ui fluid large blue submit button"]]
Trying to find Element By : By.xpath: //a[contains(@href,"contacts")]
Found Element By : By.xpath: //a[contains(@href,"contacts")]
Trying to click on: [[ChromeDriver: chrome on windows (190647f1a34d77fc51144544ff330958)] -> xpath: //a[contains(@href,"contacts")]]
Clicked on: [[ChromeDriver: chrome on windows (190647f1a34d77fc51144544ff330958)] -> xpath: //a[contains(@href,"contacts")]]
Trying to find Element By : By.xpath: //th/div/a/following-sibling::a[@class="item active"]
Found Element By : By.xpath: //th/div/a/following-sibling::a[@class="item active"]
Trying to click on: [[ChromeDriver: chrome on windows (190647f1a34d77fc51144544ff330958)] -> xpath: //th/div/a/following-sibling::a[@class="item active"]]
Clicked on: [[ChromeDriver: chrome on windows (190647f1a34d77fc51144544ff330958)] -> xpath: //th/div/a/following-sibling::a[@class="item active"]]
Trying to find Element By : By.xpath: //div/table/thead/following-sibling::tbody/tr/td/div
Found Element By : By.xpath: //div/table/thead/following-sibling::tbody/tr/td/div
]]></system-out>
  </testcase>
  <testcase name="selectContacts" classname="com.crm.qa.testcases.ContactsPageTest" time="0.557">
    <system-out><![CDATA[Before navigating to: 'https://freecrm.com/'
Navigated to:'https://freecrm.com/'
Trying to find Element By : By.xpath: //a/span[@class="icon icon-xs mdi-chart-bar"]
Found Element By : By.xpath: //a/span[@class="icon icon-xs mdi-chart-bar"]
Trying to click on: [[ChromeDriver: chrome on windows (622e45fbba8e647d4a8c4d0e04ce8fc9)] -> xpath: //a/span[@class="icon icon-xs mdi-chart-bar"]]
Clicked on: [[ChromeDriver: chrome on windows (622e45fbba8e647d4a8c4d0e04ce8fc9)] -> xpath: //a/span[@class="icon icon-xs mdi-chart-bar"]]
Trying to find Element By : By.xpath: //input[@name="email"]
Found Element By : By.xpath: //input[@name="email"]
Trying to find Element By : By.xpath: //input[@name="password"]
Found Element By : By.xpath: //input[@name="password"]
Trying to find Element By : By.cssSelector: div[class="ui fluid large blue submit button"]
Found Element By : By.cssSelector: div[class="ui fluid large blue submit button"]
Trying to click on: [[ChromeDriver: chrome on windows (622e45fbba8e647d4a8c4d0e04ce8fc9)] -> css selector: div[class="ui fluid large blue submit button"]]
Clicked on: [[ChromeDriver: chrome on windows (622e45fbba8e647d4a8c4d0e04ce8fc9)] -> css selector: div[class="ui fluid large blue submit button"]]
Trying to find Element By : By.xpath: //a[contains(@href,"contacts")]
Found Element By : By.xpath: //a[contains(@href,"contacts")]
Trying to click on: [[ChromeDriver: chrome on windows (622e45fbba8e647d4a8c4d0e04ce8fc9)] -> xpath: //a[contains(@href,"contacts")]]
Clicked on: [[ChromeDriver: chrome on windows (622e45fbba8e647d4a8c4d0e04ce8fc9)] -> xpath: //a[contains(@href,"contacts")]]
Trying to find Element By : By.xpath: //th/div/a/following-sibling::a[@class="item active"]
Found Element By : By.xpath: //th/div/a/following-sibling::a[@class="item active"]
Trying to click on: [[ChromeDriver: chrome on windows (622e45fbba8e647d4a8c4d0e04ce8fc9)] -> xpath: //th/div/a/following-sibling::a[@class="item active"]]
Clicked on: [[ChromeDriver: chrome on windows (622e45fbba8e647d4a8c4d0e04ce8fc9)] -> xpath: //th/div/a/following-sibling::a[@class="item active"]]
Trying to find Element By : By.xpath: //div/table/thead/following-sibling::tbody/tr/td/following-sibling::td/a[contains(text(),'Test2 Test2')]
Found Element By : By.xpath: //div/table/thead/following-sibling::tbody/tr/td/following-sibling::td/a[contains(text(),'Test2 Test2')]
Trying to click on: [[ChromeDriver: chrome on windows (622e45fbba8e647d4a8c4d0e04ce8fc9)] -> xpath: //div/table/thead/following-sibling::tbody/tr/td/following-sibling::td/a[contains(text(),'Test2 Test2')]]
Clicked on: [[ChromeDriver: chrome on windows (622e45fbba8e647d4a8c4d0e04ce8fc9)] -> xpath: //div/table/thead/following-sibling::tbody/tr/td/following-sibling::td/a[contains(text(),'Test2 Test2')]]
]]></system-out>
  </testcase>
  <testcase name="createNewContact[tom1, peter1, Amazon, Facebook](1)" classname="com.crm.qa.testcases.ContactsPageTest" time="5.398">
    <system-out><![CDATA[Before navigating to: 'https://freecrm.com/'
Navigated to:'https://freecrm.com/'
Trying to find Element By : By.xpath: //a/span[@class="icon icon-xs mdi-chart-bar"]
Found Element By : By.xpath: //a/span[@class="icon icon-xs mdi-chart-bar"]
Trying to click on: [[ChromeDriver: chrome on windows (9a04b0e6acd1c6b628829b3c493bf9cb)] -> xpath: //a/span[@class="icon icon-xs mdi-chart-bar"]]
Clicked on: [[ChromeDriver: chrome on windows (9a04b0e6acd1c6b628829b3c493bf9cb)] -> xpath: //a/span[@class="icon icon-xs mdi-chart-bar"]]
Trying to find Element By : By.xpath: //input[@name="email"]
Found Element By : By.xpath: //input[@name="email"]
Trying to find Element By : By.xpath: //input[@name="password"]
Found Element By : By.xpath: //input[@name="password"]
Trying to find Element By : By.cssSelector: div[class="ui fluid large blue submit button"]
Found Element By : By.cssSelector: div[class="ui fluid large blue submit button"]
Trying to click on: [[ChromeDriver: chrome on windows (9a04b0e6acd1c6b628829b3c493bf9cb)] -> css selector: div[class="ui fluid large blue submit button"]]
Clicked on: [[ChromeDriver: chrome on windows (9a04b0e6acd1c6b628829b3c493bf9cb)] -> css selector: div[class="ui fluid large blue submit button"]]
Trying to find Element By : By.xpath: //a[contains(@href,"contacts")]
Found Element By : By.xpath: //a[contains(@href,"contacts")]
Trying to click on: [[ChromeDriver: chrome on windows (9a04b0e6acd1c6b628829b3c493bf9cb)] -> xpath: //a[contains(@href,"contacts")]]
Clicked on: [[ChromeDriver: chrome on windows (9a04b0e6acd1c6b628829b3c493bf9cb)] -> xpath: //a[contains(@href,"contacts")]]
Trying to find Element By : By.xpath: //a[contains(@href,"contacts")]
Found Element By : By.xpath: //a[contains(@href,"contacts")]
Trying to find Element By : By.xpath: //div[@class ="ui fluid container"][1]/div/div/following-sibling::div[2]/button[1]
Found Element By : By.xpath: //div[@class ="ui fluid container"][1]/div/div/following-sibling::div[2]/button[1]
Trying to click on: [[ChromeDriver: chrome on windows (9a04b0e6acd1c6b628829b3c493bf9cb)] -> xpath: //div[@class ="ui fluid container"][1]/div/div/following-sibling::div[2]/button[1]]
Clicked on: [[ChromeDriver: chrome on windows (9a04b0e6acd1c6b628829b3c493bf9cb)] -> xpath: //div[@class ="ui fluid container"][1]/div/div/following-sibling::div[2]/button[1]]
Trying to find Element By : By.cssSelector: input[name="first_name"]
Found Element By : By.cssSelector: input[name="first_name"]
Trying to click on: [[ChromeDriver: chrome on windows (9a04b0e6acd1c6b628829b3c493bf9cb)] -> css selector: input[name="first_name"]]
Clicked on: [[ChromeDriver: chrome on windows (9a04b0e6acd1c6b628829b3c493bf9cb)] -> css selector: input[name="first_name"]]
Trying to find Element By : By.cssSelector: input[name="first_name"]
Found Element By : By.cssSelector: input[name="first_name"]
Trying to find Element By : By.cssSelector: input[name="last_name"]
Found Element By : By.cssSelector: input[name="last_name"]
Trying to find Element By : By.xpath: //div[@name="company"]/input[@aria-autocomplete="list"][1]
Found Element By : By.xpath: //div[@name="company"]/input[@aria-autocomplete="list"][1]
Trying to find Element By : By.xpath: //div[@name="company"]/input[@aria-autocomplete="list"][1]
Found Element By : By.xpath: //div[@name="company"]/input[@aria-autocomplete="list"][1]
Trying to find Element By : By.xpath: //div[@class="ui field"]/div[@name="channel_type"]
Found Element By : By.xpath: //div[@class="ui field"]/div[@name="channel_type"]
Trying to click on: [[ChromeDriver: chrome on windows (9a04b0e6acd1c6b628829b3c493bf9cb)] -> xpath: //div[@class="ui field"]/div[@name="channel_type"]]
Clicked on: [[ChromeDriver: chrome on windows (9a04b0e6acd1c6b628829b3c493bf9cb)] -> xpath: //div[@class="ui field"]/div[@name="channel_type"]]
Trying to find Element By : By.xpath: //div[@class = "visible menu transition"]/div/following-sibling::div/span[contains(text(),Facebook)]
Found Element By : By.xpath: //div[@class = "visible menu transition"]/div/following-sibling::div/span[contains(text(),Facebook)]
Trying to click on: [[ChromeDriver: chrome on windows (9a04b0e6acd1c6b628829b3c493bf9cb)] -> xpath: //div[@class = "visible menu transition"]/div/following-sibling::div/span[contains(text(),Facebook)]]
Clicked on: [[ChromeDriver: chrome on windows (9a04b0e6acd1c6b628829b3c493bf9cb)] -> xpath: //div[@class = "visible menu transition"]/div/following-sibling::div/span[contains(text(),Facebook)]]
Trying to find Element By : By.xpath: //button[@class ="ui linkedin button"]
Found Element By : By.xpath: //button[@class ="ui linkedin button"]
Trying to click on: [[ChromeDriver: chrome on windows (9a04b0e6acd1c6b628829b3c493bf9cb)] -> xpath: //button[@class ="ui linkedin button"]]
Clicked on: [[ChromeDriver: chrome on windows (9a04b0e6acd1c6b628829b3c493bf9cb)] -> xpath: //button[@class ="ui linkedin button"]]
]]></system-out>
    <system-err><![CDATA[ERROR StatusLogger Log4j2 could not find a logging implementation. Please add log4j-core to the classpath. Using SimpleLogger to log to the console...
]]></system-err>
  </testcase>
  <testcase name="createNewContact[tom2, peter2, google, Twitter](2)" classname="com.crm.qa.testcases.ContactsPageTest" time="5.337">
    <system-out><![CDATA[Before navigating to: 'https://freecrm.com/'
Navigated to:'https://freecrm.com/'
Trying to find Element By : By.xpath: //a/span[@class="icon icon-xs mdi-chart-bar"]
Found Element By : By.xpath: //a/span[@class="icon icon-xs mdi-chart-bar"]
Trying to click on: [[ChromeDriver: chrome on windows (cb1b167eb129889c9d18f27b0b4e20da)] -> xpath: //a/span[@class="icon icon-xs mdi-chart-bar"]]
Clicked on: [[ChromeDriver: chrome on windows (cb1b167eb129889c9d18f27b0b4e20da)] -> xpath: //a/span[@class="icon icon-xs mdi-chart-bar"]]
Trying to find Element By : By.xpath: //input[@name="email"]
Found Element By : By.xpath: //input[@name="email"]
Trying to find Element By : By.xpath: //input[@name="password"]
Found Element By : By.xpath: //input[@name="password"]
Trying to find Element By : By.cssSelector: div[class="ui fluid large blue submit button"]
Found Element By : By.cssSelector: div[class="ui fluid large blue submit button"]
Trying to click on: [[ChromeDriver: chrome on windows (cb1b167eb129889c9d18f27b0b4e20da)] -> css selector: div[class="ui fluid large blue submit button"]]
Clicked on: [[ChromeDriver: chrome on windows (cb1b167eb129889c9d18f27b0b4e20da)] -> css selector: div[class="ui fluid large blue submit button"]]
Trying to find Element By : By.xpath: //a[contains(@href,"contacts")]
Found Element By : By.xpath: //a[contains(@href,"contacts")]
Trying to click on: [[ChromeDriver: chrome on windows (cb1b167eb129889c9d18f27b0b4e20da)] -> xpath: //a[contains(@href,"contacts")]]
Clicked on: [[ChromeDriver: chrome on windows (cb1b167eb129889c9d18f27b0b4e20da)] -> xpath: //a[contains(@href,"contacts")]]
Trying to find Element By : By.xpath: //a[contains(@href,"contacts")]
Found Element By : By.xpath: //a[contains(@href,"contacts")]
Trying to find Element By : By.xpath: //div[@class ="ui fluid container"][1]/div/div/following-sibling::div[2]/button[1]
Found Element By : By.xpath: //div[@class ="ui fluid container"][1]/div/div/following-sibling::div[2]/button[1]
Trying to click on: [[ChromeDriver: chrome on windows (cb1b167eb129889c9d18f27b0b4e20da)] -> xpath: //div[@class ="ui fluid container"][1]/div/div/following-sibling::div[2]/button[1]]
Clicked on: [[ChromeDriver: chrome on windows (cb1b167eb129889c9d18f27b0b4e20da)] -> xpath: //div[@class ="ui fluid container"][1]/div/div/following-sibling::div[2]/button[1]]
Trying to find Element By : By.cssSelector: input[name="first_name"]
Found Element By : By.cssSelector: input[name="first_name"]
Trying to click on: [[ChromeDriver: chrome on windows (cb1b167eb129889c9d18f27b0b4e20da)] -> css selector: input[name="first_name"]]
Clicked on: [[ChromeDriver: chrome on windows (cb1b167eb129889c9d18f27b0b4e20da)] -> css selector: input[name="first_name"]]
Trying to find Element By : By.cssSelector: input[name="first_name"]
Found Element By : By.cssSelector: input[name="first_name"]
Trying to find Element By : By.cssSelector: input[name="last_name"]
Found Element By : By.cssSelector: input[name="last_name"]
Trying to find Element By : By.xpath: //div[@name="company"]/input[@aria-autocomplete="list"][1]
Found Element By : By.xpath: //div[@name="company"]/input[@aria-autocomplete="list"][1]
Trying to find Element By : By.xpath: //div[@name="company"]/input[@aria-autocomplete="list"][1]
Found Element By : By.xpath: //div[@name="company"]/input[@aria-autocomplete="list"][1]
Trying to find Element By : By.xpath: //div[@class="ui field"]/div[@name="channel_type"]
Found Element By : By.xpath: //div[@class="ui field"]/div[@name="channel_type"]
Trying to click on: [[ChromeDriver: chrome on windows (cb1b167eb129889c9d18f27b0b4e20da)] -> xpath: //div[@class="ui field"]/div[@name="channel_type"]]
Clicked on: [[ChromeDriver: chrome on windows (cb1b167eb129889c9d18f27b0b4e20da)] -> xpath: //div[@class="ui field"]/div[@name="channel_type"]]
Trying to find Element By : By.xpath: //div[@class = "visible menu transition"]/div/following-sibling::div/span[contains(text(),Twitter)]
Found Element By : By.xpath: //div[@class = "visible menu transition"]/div/following-sibling::div/span[contains(text(),Twitter)]
Trying to click on: [[ChromeDriver: chrome on windows (cb1b167eb129889c9d18f27b0b4e20da)] -> xpath: //div[@class = "visible menu transition"]/div/following-sibling::div/span[contains(text(),Twitter)]]
Clicked on: [[ChromeDriver: chrome on windows (cb1b167eb129889c9d18f27b0b4e20da)] -> xpath: //div[@class = "visible menu transition"]/div/following-sibling::div/span[contains(text(),Twitter)]]
Trying to find Element By : By.xpath: //button[@class ="ui linkedin button"]
Found Element By : By.xpath: //button[@class ="ui linkedin button"]
Trying to click on: [[ChromeDriver: chrome on windows (cb1b167eb129889c9d18f27b0b4e20da)] -> xpath: //button[@class ="ui linkedin button"]]
Clicked on: [[ChromeDriver: chrome on windows (cb1b167eb129889c9d18f27b0b4e20da)] -> xpath: //button[@class ="ui linkedin button"]]
]]></system-out>
  </testcase>
  <testcase name="createNewContact[tom3, peter3, ebay, Facebook](3)" classname="com.crm.qa.testcases.ContactsPageTest" time="5.323">
    <system-out><![CDATA[Before navigating to: 'https://freecrm.com/'
Navigated to:'https://freecrm.com/'
Trying to find Element By : By.xpath: //a/span[@class="icon icon-xs mdi-chart-bar"]
Found Element By : By.xpath: //a/span[@class="icon icon-xs mdi-chart-bar"]
Trying to click on: [[ChromeDriver: chrome on windows (c89bc81f2957cb2133a1c907e6f5b600)] -> xpath: //a/span[@class="icon icon-xs mdi-chart-bar"]]
Clicked on: [[ChromeDriver: chrome on windows (c89bc81f2957cb2133a1c907e6f5b600)] -> xpath: //a/span[@class="icon icon-xs mdi-chart-bar"]]
Trying to find Element By : By.xpath: //input[@name="email"]
Found Element By : By.xpath: //input[@name="email"]
Trying to find Element By : By.xpath: //input[@name="password"]
Found Element By : By.xpath: //input[@name="password"]
Trying to find Element By : By.cssSelector: div[class="ui fluid large blue submit button"]
Found Element By : By.cssSelector: div[class="ui fluid large blue submit button"]
Trying to click on: [[ChromeDriver: chrome on windows (c89bc81f2957cb2133a1c907e6f5b600)] -> css selector: div[class="ui fluid large blue submit button"]]
Clicked on: [[ChromeDriver: chrome on windows (c89bc81f2957cb2133a1c907e6f5b600)] -> css selector: div[class="ui fluid large blue submit button"]]
Trying to find Element By : By.xpath: //a[contains(@href,"contacts")]
Found Element By : By.xpath: //a[contains(@href,"contacts")]
Trying to click on: [[ChromeDriver: chrome on windows (c89bc81f2957cb2133a1c907e6f5b600)] -> xpath: //a[contains(@href,"contacts")]]
Clicked on: [[ChromeDriver: chrome on windows (c89bc81f2957cb2133a1c907e6f5b600)] -> xpath: //a[contains(@href,"contacts")]]
Trying to find Element By : By.xpath: //a[contains(@href,"contacts")]
Found Element By : By.xpath: //a[contains(@href,"contacts")]
Trying to find Element By : By.xpath: //div[@class ="ui fluid container"][1]/div/div/following-sibling::div[2]/button[1]
Found Element By : By.xpath: //div[@class ="ui fluid container"][1]/div/div/following-sibling::div[2]/button[1]
Trying to click on: [[ChromeDriver: chrome on windows (c89bc81f2957cb2133a1c907e6f5b600)] -> xpath: //div[@class ="ui fluid container"][1]/div/div/following-sibling::div[2]/button[1]]
Clicked on: [[ChromeDriver: chrome on windows (c89bc81f2957cb2133a1c907e6f5b600)] -> xpath: //div[@class ="ui fluid container"][1]/div/div/following-sibling::div[2]/button[1]]
Trying to find Element By : By.cssSelector: input[name="first_name"]
Found Element By : By.cssSelector: input[name="first_name"]
Trying to click on: [[ChromeDriver: chrome on windows (c89bc81f2957cb2133a1c907e6f5b600)] -> css selector: input[name="first_name"]]
Clicked on: [[ChromeDriver: chrome on windows (c89bc81f2957cb2133a1c907e6f5b600)] -> css selector: input[name="first_name"]]
Trying to find Element By : By.cssSelector: input[name="first_name"]
Found Element By : By.cssSelector: input[name="first_name"]
Trying to find Element By : By.cssSelector: input[name="last_name"]
Found Element By : By.cssSelector: input[name="last_name"]
Trying to find Element By : By.xpath: //div[@name="company"]/input[@aria-autocomplete="list"][1]
Found Element By : By.xpath: //div[@name="company"]/input[@aria-autocomplete="list"][1]
Trying to find Element By : By.xpath: //div[@name="company"]/input[@aria-autocomplete="list"][1]
Found Element By : By.xpath: //div[@name="company"]/input[@aria-autocomplete="list"][1]
Trying to find Element By : By.xpath: //div[@class="ui field"]/div[@name="channel_type"]
Found Element By : By.xpath: //div[@class="ui field"]/div[@name="channel_type"]
Trying to click on: [[ChromeDriver: chrome on windows (c89bc81f2957cb2133a1c907e6f5b600)] -> xpath: //div[@class="ui field"]/div[@name="channel_type"]]
Clicked on: [[ChromeDriver: chrome on windows (c89bc81f2957cb2133a1c907e6f5b600)] -> xpath: //div[@class="ui field"]/div[@name="channel_type"]]
Trying to find Element By : By.xpath: //div[@class = "visible menu transition"]/div/following-sibling::div/span[contains(text(),Facebook)]
Found Element By : By.xpath: //div[@class = "visible menu transition"]/div/following-sibling::div/span[contains(text(),Facebook)]
Trying to click on: [[ChromeDriver: chrome on windows (c89bc81f2957cb2133a1c907e6f5b600)] -> xpath: //div[@class = "visible menu transition"]/div/following-sibling::div/span[contains(text(),Facebook)]]
Clicked on: [[ChromeDriver: chrome on windows (c89bc81f2957cb2133a1c907e6f5b600)] -> xpath: //div[@class = "visible menu transition"]/div/following-sibling::div/span[contains(text(),Facebook)]]
Trying to find Element By : By.xpath: //button[@class ="ui linkedin button"]
Found Element By : By.xpath: //button[@class ="ui linkedin button"]
Trying to click on: [[ChromeDriver: chrome on windows (c89bc81f2957cb2133a1c907e6f5b600)] -> xpath: //button[@class ="ui linkedin button"]]
Clicked on: [[ChromeDriver: chrome on windows (c89bc81f2957cb2133a1c907e6f5b600)] -> xpath: //button[@class ="ui linkedin button"]]
]]></system-out>
  </testcase>
  <testcase name="createNewContact[tom4, peter4, Amazon, Twitter](4)" classname="com.crm.qa.testcases.ContactsPageTest" time="5.31">
    <system-out><![CDATA[Before navigating to: 'https://freecrm.com/'
Navigated to:'https://freecrm.com/'
Trying to find Element By : By.xpath: //a/span[@class="icon icon-xs mdi-chart-bar"]
Found Element By : By.xpath: //a/span[@class="icon icon-xs mdi-chart-bar"]
Trying to click on: [[ChromeDriver: chrome on windows (371c4f780953ef46bb8ab06f7b4cb5ac)] -> xpath: //a/span[@class="icon icon-xs mdi-chart-bar"]]
Clicked on: [[ChromeDriver: chrome on windows (371c4f780953ef46bb8ab06f7b4cb5ac)] -> xpath: //a/span[@class="icon icon-xs mdi-chart-bar"]]
Trying to find Element By : By.xpath: //input[@name="email"]
Found Element By : By.xpath: //input[@name="email"]
Trying to find Element By : By.xpath: //input[@name="password"]
Found Element By : By.xpath: //input[@name="password"]
Trying to find Element By : By.cssSelector: div[class="ui fluid large blue submit button"]
Found Element By : By.cssSelector: div[class="ui fluid large blue submit button"]
Trying to click on: [[ChromeDriver: chrome on windows (371c4f780953ef46bb8ab06f7b4cb5ac)] -> css selector: div[class="ui fluid large blue submit button"]]
Clicked on: [[ChromeDriver: chrome on windows (371c4f780953ef46bb8ab06f7b4cb5ac)] -> css selector: div[class="ui fluid large blue submit button"]]
Trying to find Element By : By.xpath: //a[contains(@href,"contacts")]
Found Element By : By.xpath: //a[contains(@href,"contacts")]
Trying to click on: [[ChromeDriver: chrome on windows (371c4f780953ef46bb8ab06f7b4cb5ac)] -> xpath: //a[contains(@href,"contacts")]]
Clicked on: [[ChromeDriver: chrome on windows (371c4f780953ef46bb8ab06f7b4cb5ac)] -> xpath: //a[contains(@href,"contacts")]]
Trying to find Element By : By.xpath: //a[contains(@href,"contacts")]
Found Element By : By.xpath: //a[contains(@href,"contacts")]
Trying to find Element By : By.xpath: //div[@class ="ui fluid container"][1]/div/div/following-sibling::div[2]/button[1]
Found Element By : By.xpath: //div[@class ="ui fluid container"][1]/div/div/following-sibling::div[2]/button[1]
Trying to click on: [[ChromeDriver: chrome on windows (371c4f780953ef46bb8ab06f7b4cb5ac)] -> xpath: //div[@class ="ui fluid container"][1]/div/div/following-sibling::div[2]/button[1]]
Clicked on: [[ChromeDriver: chrome on windows (371c4f780953ef46bb8ab06f7b4cb5ac)] -> xpath: //div[@class ="ui fluid container"][1]/div/div/following-sibling::div[2]/button[1]]
Trying to find Element By : By.cssSelector: input[name="first_name"]
Found Element By : By.cssSelector: input[name="first_name"]
Trying to click on: [[ChromeDriver: chrome on windows (371c4f780953ef46bb8ab06f7b4cb5ac)] -> css selector: input[name="first_name"]]
Clicked on: [[ChromeDriver: chrome on windows (371c4f780953ef46bb8ab06f7b4cb5ac)] -> css selector: input[name="first_name"]]
Trying to find Element By : By.cssSelector: input[name="first_name"]
Found Element By : By.cssSelector: input[name="first_name"]
Trying to find Element By : By.cssSelector: input[name="last_name"]
Found Element By : By.cssSelector: input[name="last_name"]
Trying to find Element By : By.xpath: //div[@name="company"]/input[@aria-autocomplete="list"][1]
Found Element By : By.xpath: //div[@name="company"]/input[@aria-autocomplete="list"][1]
Trying to find Element By : By.xpath: //div[@name="company"]/input[@aria-autocomplete="list"][1]
Found Element By : By.xpath: //div[@name="company"]/input[@aria-autocomplete="list"][1]
Trying to find Element By : By.xpath: //div[@class="ui field"]/div[@name="channel_type"]
Found Element By : By.xpath: //div[@class="ui field"]/div[@name="channel_type"]
Trying to click on: [[ChromeDriver: chrome on windows (371c4f780953ef46bb8ab06f7b4cb5ac)] -> xpath: //div[@class="ui field"]/div[@name="channel_type"]]
Clicked on: [[ChromeDriver: chrome on windows (371c4f780953ef46bb8ab06f7b4cb5ac)] -> xpath: //div[@class="ui field"]/div[@name="channel_type"]]
Trying to find Element By : By.xpath: //div[@class = "visible menu transition"]/div/following-sibling::div/span[contains(text(),Twitter)]
Found Element By : By.xpath: //div[@class = "visible menu transition"]/div/following-sibling::div/span[contains(text(),Twitter)]
Trying to click on: [[ChromeDriver: chrome on windows (371c4f780953ef46bb8ab06f7b4cb5ac)] -> xpath: //div[@class = "visible menu transition"]/div/following-sibling::div/span[contains(text(),Twitter)]]
Clicked on: [[ChromeDriver: chrome on windows (371c4f780953ef46bb8ab06f7b4cb5ac)] -> xpath: //div[@class = "visible menu transition"]/div/following-sibling::div/span[contains(text(),Twitter)]]
Trying to find Element By : By.xpath: //button[@class ="ui linkedin button"]
Found Element By : By.xpath: //button[@class ="ui linkedin button"]
Trying to click on: [[ChromeDriver: chrome on windows (371c4f780953ef46bb8ab06f7b4cb5ac)] -> xpath: //button[@class ="ui linkedin button"]]
Clicked on: [[ChromeDriver: chrome on windows (371c4f780953ef46bb8ab06f7b4cb5ac)] -> xpath: //button[@class ="ui linkedin button"]]
]]></system-out>
  </testcase>
  <testcase name="createNewContact[tom5, peter5, google, Facebook](5)" classname="com.crm.qa.testcases.ContactsPageTest" time="5.406">
    <system-out><![CDATA[Before navigating to: 'https://freecrm.com/'
Navigated to:'https://freecrm.com/'
Trying to find Element By : By.xpath: //a/span[@class="icon icon-xs mdi-chart-bar"]
Found Element By : By.xpath: //a/span[@class="icon icon-xs mdi-chart-bar"]
Trying to click on: [[ChromeDriver: chrome on windows (5d2c3f8269257c1c60d7b502ff4df0e1)] -> xpath: //a/span[@class="icon icon-xs mdi-chart-bar"]]
Clicked on: [[ChromeDriver: chrome on windows (5d2c3f8269257c1c60d7b502ff4df0e1)] -> xpath: //a/span[@class="icon icon-xs mdi-chart-bar"]]
Trying to find Element By : By.xpath: //input[@name="email"]
Found Element By : By.xpath: //input[@name="email"]
Trying to find Element By : By.xpath: //input[@name="password"]
Found Element By : By.xpath: //input[@name="password"]
Trying to find Element By : By.cssSelector: div[class="ui fluid large blue submit button"]
Found Element By : By.cssSelector: div[class="ui fluid large blue submit button"]
Trying to click on: [[ChromeDriver: chrome on windows (5d2c3f8269257c1c60d7b502ff4df0e1)] -> css selector: div[class="ui fluid large blue submit button"]]
Clicked on: [[ChromeDriver: chrome on windows (5d2c3f8269257c1c60d7b502ff4df0e1)] -> css selector: div[class="ui fluid large blue submit button"]]
Trying to find Element By : By.xpath: //a[contains(@href,"contacts")]
Found Element By : By.xpath: //a[contains(@href,"contacts")]
Trying to click on: [[ChromeDriver: chrome on windows (5d2c3f8269257c1c60d7b502ff4df0e1)] -> xpath: //a[contains(@href,"contacts")]]
Clicked on: [[ChromeDriver: chrome on windows (5d2c3f8269257c1c60d7b502ff4df0e1)] -> xpath: //a[contains(@href,"contacts")]]
Trying to find Element By : By.xpath: //a[contains(@href,"contacts")]
Found Element By : By.xpath: //a[contains(@href,"contacts")]
Trying to find Element By : By.xpath: //div[@class ="ui fluid container"][1]/div/div/following-sibling::div[2]/button[1]
Found Element By : By.xpath: //div[@class ="ui fluid container"][1]/div/div/following-sibling::div[2]/button[1]
Trying to click on: [[ChromeDriver: chrome on windows (5d2c3f8269257c1c60d7b502ff4df0e1)] -> xpath: //div[@class ="ui fluid container"][1]/div/div/following-sibling::div[2]/button[1]]
Clicked on: [[ChromeDriver: chrome on windows (5d2c3f8269257c1c60d7b502ff4df0e1)] -> xpath: //div[@class ="ui fluid container"][1]/div/div/following-sibling::div[2]/button[1]]
Trying to find Element By : By.cssSelector: input[name="first_name"]
Found Element By : By.cssSelector: input[name="first_name"]
Trying to click on: [[ChromeDriver: chrome on windows (5d2c3f8269257c1c60d7b502ff4df0e1)] -> css selector: input[name="first_name"]]
Clicked on: [[ChromeDriver: chrome on windows (5d2c3f8269257c1c60d7b502ff4df0e1)] -> css selector: input[name="first_name"]]
Trying to find Element By : By.cssSelector: input[name="first_name"]
Found Element By : By.cssSelector: input[name="first_name"]
Trying to find Element By : By.cssSelector: input[name="last_name"]
Found Element By : By.cssSelector: input[name="last_name"]
Trying to find Element By : By.xpath: //div[@name="company"]/input[@aria-autocomplete="list"][1]
Found Element By : By.xpath: //div[@name="company"]/input[@aria-autocomplete="list"][1]
Trying to find Element By : By.xpath: //div[@name="company"]/input[@aria-autocomplete="list"][1]
Found Element By : By.xpath: //div[@name="company"]/input[@aria-autocomplete="list"][1]
Trying to find Element By : By.xpath: //div[@class="ui field"]/div[@name="channel_type"]
Found Element By : By.xpath: //div[@class="ui field"]/div[@name="channel_type"]
Trying to click on: [[ChromeDriver: chrome on windows (5d2c3f8269257c1c60d7b502ff4df0e1)] -> xpath: //div[@class="ui field"]/div[@name="channel_type"]]
Clicked on: [[ChromeDriver: chrome on windows (5d2c3f8269257c1c60d7b502ff4df0e1)] -> xpath: //div[@class="ui field"]/div[@name="channel_type"]]
Trying to find Element By : By.xpath: //div[@class = "visible menu transition"]/div/following-sibling::div/span[contains(text(),Facebook)]
Found Element By : By.xpath: //div[@class = "visible menu transition"]/div/following-sibling::div/span[contains(text(),Facebook)]
Trying to click on: [[ChromeDriver: chrome on windows (5d2c3f8269257c1c60d7b502ff4df0e1)] -> xpath: //div[@class = "visible menu transition"]/div/following-sibling::div/span[contains(text(),Facebook)]]
Clicked on: [[ChromeDriver: chrome on windows (5d2c3f8269257c1c60d7b502ff4df0e1)] -> xpath: //div[@class = "visible menu transition"]/div/following-sibling::div/span[contains(text(),Facebook)]]
Trying to find Element By : By.xpath: //button[@class ="ui linkedin button"]
Found Element By : By.xpath: //button[@class ="ui linkedin button"]
Trying to click on: [[ChromeDriver: chrome on windows (5d2c3f8269257c1c60d7b502ff4df0e1)] -> xpath: //button[@class ="ui linkedin button"]]
Clicked on: [[ChromeDriver: chrome on windows (5d2c3f8269257c1c60d7b502ff4df0e1)] -> xpath: //button[@class ="ui linkedin button"]]
]]></system-out>
  </testcase>
  <testcase name="createNewContact[tom6, peter6, ebay, Twitter](6)" classname="com.crm.qa.testcases.ContactsPageTest" time="5.399">
    <system-out><![CDATA[Before navigating to: 'https://freecrm.com/'
Navigated to:'https://freecrm.com/'
Trying to find Element By : By.xpath: //a/span[@class="icon icon-xs mdi-chart-bar"]
Found Element By : By.xpath: //a/span[@class="icon icon-xs mdi-chart-bar"]
Trying to click on: [[ChromeDriver: chrome on windows (e1fa53640bacce131068ef5795c468fd)] -> xpath: //a/span[@class="icon icon-xs mdi-chart-bar"]]
Clicked on: [[ChromeDriver: chrome on windows (e1fa53640bacce131068ef5795c468fd)] -> xpath: //a/span[@class="icon icon-xs mdi-chart-bar"]]
Trying to find Element By : By.xpath: //input[@name="email"]
Found Element By : By.xpath: //input[@name="email"]
Trying to find Element By : By.xpath: //input[@name="password"]
Found Element By : By.xpath: //input[@name="password"]
Trying to find Element By : By.cssSelector: div[class="ui fluid large blue submit button"]
Found Element By : By.cssSelector: div[class="ui fluid large blue submit button"]
Trying to click on: [[ChromeDriver: chrome on windows (e1fa53640bacce131068ef5795c468fd)] -> css selector: div[class="ui fluid large blue submit button"]]
Clicked on: [[ChromeDriver: chrome on windows (e1fa53640bacce131068ef5795c468fd)] -> css selector: div[class="ui fluid large blue submit button"]]
Trying to find Element By : By.xpath: //a[contains(@href,"contacts")]
Found Element By : By.xpath: //a[contains(@href,"contacts")]
Trying to click on: [[ChromeDriver: chrome on windows (e1fa53640bacce131068ef5795c468fd)] -> xpath: //a[contains(@href,"contacts")]]
Clicked on: [[ChromeDriver: chrome on windows (e1fa53640bacce131068ef5795c468fd)] -> xpath: //a[contains(@href,"contacts")]]
Trying to find Element By : By.xpath: //a[contains(@href,"contacts")]
Found Element By : By.xpath: //a[contains(@href,"contacts")]
Trying to find Element By : By.xpath: //div[@class ="ui fluid container"][1]/div/div/following-sibling::div[2]/button[1]
Found Element By : By.xpath: //div[@class ="ui fluid container"][1]/div/div/following-sibling::div[2]/button[1]
Trying to click on: [[ChromeDriver: chrome on windows (e1fa53640bacce131068ef5795c468fd)] -> xpath: //div[@class ="ui fluid container"][1]/div/div/following-sibling::div[2]/button[1]]
Clicked on: [[ChromeDriver: chrome on windows (e1fa53640bacce131068ef5795c468fd)] -> xpath: //div[@class ="ui fluid container"][1]/div/div/following-sibling::div[2]/button[1]]
Trying to find Element By : By.cssSelector: input[name="first_name"]
Found Element By : By.cssSelector: input[name="first_name"]
Trying to click on: [[ChromeDriver: chrome on windows (e1fa53640bacce131068ef5795c468fd)] -> css selector: input[name="first_name"]]
Clicked on: [[ChromeDriver: chrome on windows (e1fa53640bacce131068ef5795c468fd)] -> css selector: input[name="first_name"]]
Trying to find Element By : By.cssSelector: input[name="first_name"]
Found Element By : By.cssSelector: input[name="first_name"]
Trying to find Element By : By.cssSelector: input[name="last_name"]
Found Element By : By.cssSelector: input[name="last_name"]
Trying to find Element By : By.xpath: //div[@name="company"]/input[@aria-autocomplete="list"][1]
Found Element By : By.xpath: //div[@name="company"]/input[@aria-autocomplete="list"][1]
Trying to find Element By : By.xpath: //div[@name="company"]/input[@aria-autocomplete="list"][1]
Found Element By : By.xpath: //div[@name="company"]/input[@aria-autocomplete="list"][1]
Trying to find Element By : By.xpath: //div[@class="ui field"]/div[@name="channel_type"]
Found Element By : By.xpath: //div[@class="ui field"]/div[@name="channel_type"]
Trying to click on: [[ChromeDriver: chrome on windows (e1fa53640bacce131068ef5795c468fd)] -> xpath: //div[@class="ui field"]/div[@name="channel_type"]]
Clicked on: [[ChromeDriver: chrome on windows (e1fa53640bacce131068ef5795c468fd)] -> xpath: //div[@class="ui field"]/div[@name="channel_type"]]
Trying to find Element By : By.xpath: //div[@class = "visible menu transition"]/div/following-sibling::div/span[contains(text(),Twitter)]
Found Element By : By.xpath: //div[@class = "visible menu transition"]/div/following-sibling::div/span[contains(text(),Twitter)]
Trying to click on: [[ChromeDriver: chrome on windows (e1fa53640bacce131068ef5795c468fd)] -> xpath: //div[@class = "visible menu transition"]/div/following-sibling::div/span[contains(text(),Twitter)]]
Clicked on: [[ChromeDriver: chrome on windows (e1fa53640bacce131068ef5795c468fd)] -> xpath: //div[@class = "visible menu transition"]/div/following-sibling::div/span[contains(text(),Twitter)]]
Trying to find Element By : By.xpath: //button[@class ="ui linkedin button"]
Found Element By : By.xpath: //button[@class ="ui linkedin button"]
Trying to click on: [[ChromeDriver: chrome on windows (e1fa53640bacce131068ef5795c468fd)] -> xpath: //button[@class ="ui linkedin button"]]
Clicked on: [[ChromeDriver: chrome on windows (e1fa53640bacce131068ef5795c468fd)] -> xpath: //button[@class ="ui linkedin button"]]
]]></system-out>
  </testcase>
  <testcase name="verifyHomePageTitleTest" classname="com.crm.qa.testcases.HomePageTest" time="0.022">
    <system-out><![CDATA[Before navigating to: 'https://freecrm.com/'
Navigated to:'https://freecrm.com/'
Trying to find Element By : By.xpath: //a/span[@class="icon icon-xs mdi-chart-bar"]
Found Element By : By.xpath: //a/span[@class="icon icon-xs mdi-chart-bar"]
Trying to click on: [[ChromeDriver: chrome on windows (c06327fa2cfdd67720ff0291ce556e05)] -> xpath: //a/span[@class="icon icon-xs mdi-chart-bar"]]
Clicked on: [[ChromeDriver: chrome on windows (c06327fa2cfdd67720ff0291ce556e05)] -> xpath: //a/span[@class="icon icon-xs mdi-chart-bar"]]
Trying to find Element By : By.xpath: //input[@name="email"]
Found Element By : By.xpath: //input[@name="email"]
Trying to find Element By : By.xpath: //input[@name="password"]
Found Element By : By.xpath: //input[@name="password"]
Trying to find Element By : By.cssSelector: div[class="ui fluid large blue submit button"]
Found Element By : By.cssSelector: div[class="ui fluid large blue submit button"]
Trying to click on: [[ChromeDriver: chrome on windows (c06327fa2cfdd67720ff0291ce556e05)] -> css selector: div[class="ui fluid large blue submit button"]]
Clicked on: [[ChromeDriver: chrome on windows (c06327fa2cfdd67720ff0291ce556e05)] -> css selector: div[class="ui fluid large blue submit button"]]
Cogmento CRM
]]></system-out>
  </testcase>
  <testcase name="verifyUserNameTitle" classname="com.crm.qa.testcases.HomePageTest" time="1.014">
    <system-out><![CDATA[Before navigating to: 'https://freecrm.com/'
Navigated to:'https://freecrm.com/'
Trying to find Element By : By.xpath: //a/span[@class="icon icon-xs mdi-chart-bar"]
Found Element By : By.xpath: //a/span[@class="icon icon-xs mdi-chart-bar"]
Trying to click on: [[ChromeDriver: chrome on windows (a3aa46d2163d088a8f193a4ba682b3b6)] -> xpath: //a/span[@class="icon icon-xs mdi-chart-bar"]]
Clicked on: [[ChromeDriver: chrome on windows (a3aa46d2163d088a8f193a4ba682b3b6)] -> xpath: //a/span[@class="icon icon-xs mdi-chart-bar"]]
Trying to find Element By : By.xpath: //input[@name="email"]
Found Element By : By.xpath: //input[@name="email"]
Trying to find Element By : By.xpath: //input[@name="password"]
Found Element By : By.xpath: //input[@name="password"]
Trying to find Element By : By.cssSelector: div[class="ui fluid large blue submit button"]
Found Element By : By.cssSelector: div[class="ui fluid large blue submit button"]
Trying to click on: [[ChromeDriver: chrome on windows (a3aa46d2163d088a8f193a4ba682b3b6)] -> css selector: div[class="ui fluid large blue submit button"]]
Clicked on: [[ChromeDriver: chrome on windows (a3aa46d2163d088a8f193a4ba682b3b6)] -> css selector: div[class="ui fluid large blue submit button"]]
Trying to find Element By : By.cssSelector: span.user-display
Found Element By : By.cssSelector: span.user-display
bala kishore
]]></system-out>
  </testcase>
  <testcase name="verifyContactLinkText" classname="com.crm.qa.testcases.HomePageTest" time="1.484">
    <system-out><![CDATA[Before navigating to: 'https://freecrm.com/'
Navigated to:'https://freecrm.com/'
Trying to find Element By : By.xpath: //a/span[@class="icon icon-xs mdi-chart-bar"]
Found Element By : By.xpath: //a/span[@class="icon icon-xs mdi-chart-bar"]
Trying to click on: [[ChromeDriver: chrome on windows (fcc952665bdd4fd607e9bea710105ac3)] -> xpath: //a/span[@class="icon icon-xs mdi-chart-bar"]]
Clicked on: [[ChromeDriver: chrome on windows (fcc952665bdd4fd607e9bea710105ac3)] -> xpath: //a/span[@class="icon icon-xs mdi-chart-bar"]]
Trying to find Element By : By.xpath: //input[@name="email"]
Found Element By : By.xpath: //input[@name="email"]
Trying to find Element By : By.xpath: //input[@name="password"]
Found Element By : By.xpath: //input[@name="password"]
Trying to find Element By : By.cssSelector: div[class="ui fluid large blue submit button"]
Found Element By : By.cssSelector: div[class="ui fluid large blue submit button"]
Trying to click on: [[ChromeDriver: chrome on windows (fcc952665bdd4fd607e9bea710105ac3)] -> css selector: div[class="ui fluid large blue submit button"]]
Clicked on: [[ChromeDriver: chrome on windows (fcc952665bdd4fd607e9bea710105ac3)] -> css selector: div[class="ui fluid large blue submit button"]]
Trying to find Element By : By.xpath: //a[contains(@href,"contacts")]
Found Element By : By.xpath: //a[contains(@href,"contacts")]
Trying to click on: [[ChromeDriver: chrome on windows (fcc952665bdd4fd607e9bea710105ac3)] -> xpath: //a[contains(@href,"contacts")]]
Clicked on: [[ChromeDriver: chrome on windows (fcc952665bdd4fd607e9bea710105ac3)] -> xpath: //a[contains(@href,"contacts")]]
]]></system-out>
  </testcase>
  <testcase name="loginPageTitleTest" classname="com.crm.qa.testcases.LoginPageTest" time="0.033">
    <system-out><![CDATA[Before navigating to: 'https://freecrm.com/'
Navigated to:'https://freecrm.com/'
Title is : #1 Free CRM Power Up your Entire Business Free Forever
]]></system-out>
  </testcase>
  <testcase name="crmLogoImagheTest" classname="com.crm.qa.testcases.LoginPageTest" time="0.026">
    <system-out><![CDATA[Before navigating to: 'https://freecrm.com/'
Navigated to:'https://freecrm.com/'
Trying to find Element By : By.xpath: //div[@class = "rd-navbar-wrap"]/div[1]
Found Element By : By.xpath: //div[@class = "rd-navbar-wrap"]/div[1]
]]></system-out>
  </testcase>
  <testcase name="login" classname="com.crm.qa.testcases.LoginPageTest" time="5.942">
    <system-out><![CDATA[Before navigating to: 'https://freecrm.com/'
Navigated to:'https://freecrm.com/'
Trying to find Element By : By.xpath: //a/span[@class="icon icon-xs mdi-chart-bar"]
Found Element By : By.xpath: //a/span[@class="icon icon-xs mdi-chart-bar"]
Trying to click on: [[ChromeDriver: chrome on windows (92ff7bf1bb31bf938af09b153fed6901)] -> xpath: //a/span[@class="icon icon-xs mdi-chart-bar"]]
Clicked on: [[ChromeDriver: chrome on windows (92ff7bf1bb31bf938af09b153fed6901)] -> xpath: //a/span[@class="icon icon-xs mdi-chart-bar"]]
Trying to find Element By : By.xpath: //input[@name="email"]
Found Element By : By.xpath: //input[@name="email"]
Trying to find Element By : By.xpath: //input[@name="password"]
Found Element By : By.xpath: //input[@name="password"]
Trying to find Element By : By.cssSelector: div[class="ui fluid large blue submit button"]
Found Element By : By.cssSelector: div[class="ui fluid large blue submit button"]
Trying to click on: [[ChromeDriver: chrome on windows (92ff7bf1bb31bf938af09b153fed6901)] -> css selector: div[class="ui fluid large blue submit button"]]
Clicked on: [[ChromeDriver: chrome on windows (92ff7bf1bb31bf938af09b153fed6901)] -> css selector: div[class="ui fluid large blue submit button"]]
]]></system-out>
  </testcase>
</testsuite>