<?xml version="1.0" encoding="UTF-8"?>
<!-- Generated by org.testng.reporters.JUnitReportReporter -->
<testsuite hostname="petluru_family" failures="0" tests="10" name="com.crm.qa.testcases.ContactsPageTest" time="282.333" errors="0" timestamp="2024-01-24T01:07:49 CST" skipped="0">
  <testcase classname="com.crm.qa.testcases.ContactsPageTest" name="verifypageNumberTEst" time="29.245"/>
  <testcase classname="com.crm.qa.testcases.ContactsPageTest" name="verifyContactsPageLabel" time="25.736"/>
  <testcase classname="com.crm.qa.testcases.ContactsPageTest" name="selectContactTest" time="35.324"/>
  <testcase classname="com.crm.qa.testcases.ContactsPageTest" name="selectContacts" time="24.689"/>
  <testcase classname="com.crm.qa.testcases.ContactsPageTest" name="createNewContact" time="26.858"/>
  <testcase classname="com.crm.qa.testcases.ContactsPageTest" name="createNewContact" time="26.120"/>
  <testcase classname="com.crm.qa.testcases.ContactsPageTest" name="createNewContact" time="29.482"/>
  <testcase classname="com.crm.qa.testcases.ContactsPageTest" name="createNewContact" time="30.945"/>
  <testcase classname="com.crm.qa.testcases.ContactsPageTest" name="createNewContact" time="26.589"/>
  <testcase classname="com.crm.qa.testcases.ContactsPageTest" name="createNewContact" time="27.345"/>
</testsuite> <!-- com.crm.qa.testcases.ContactsPageTest -->
