<?xml version="1.0" encoding="UTF-8"?>
<!-- Generated by org.testng.reporters.JUnitReportReporter -->
<testsuite hostname="petluru_family" failures="0" tests="3" name="com.crm.qa.testcases.HomePageTest" time="68.662" errors="0" timestamp="2024-01-24T01:07:49 CST" skipped="0">
  <testcase classname="com.crm.qa.testcases.HomePageTest" name="verifyHomePageTitleTest" time="23.737"/>
  <testcase classname="com.crm.qa.testcases.HomePageTest" name="verifyUserNameTitle" time="20.268"/>
  <testcase classname="com.crm.qa.testcases.HomePageTest" name="verifyContactLinkText" time="24.657"/>
</testsuite> <!-- com.crm.qa.testcases.HomePageTest -->
