<?xml version="1.0" encoding="UTF-8"?>
<!-- Generated by org.testng.reporters.JUnitReportReporter -->
<testsuite hostname="petluru_family" failures="0" tests="3" name="com.crm.qa.testcases.LoginPageTest" time="45.021" errors="0" timestamp="2024-01-24T01:07:49 CST" skipped="0">
  <testcase classname="com.crm.qa.testcases.LoginPageTest" name="loginPageTitleTest" time="15.093"/>
  <testcase classname="com.crm.qa.testcases.LoginPageTest" name="crmLogoImagheTest" time="10.412"/>
  <testcase classname="com.crm.qa.testcases.LoginPageTest" name="login" time="19.516"/>
</testsuite> <!-- com.crm.qa.testcases.LoginPageTest -->
