<?xml version="1.0" encoding="UTF-8"?>
<!-- Generated by org.testng.reporters.JUnitReportReporter -->
<testsuite hostname="petluru_family" failures="0" tests="3" name="com.crm.qa.testcases.LoginPageTest" time="21.839" errors="0" timestamp="2024-01-24T21:44:08 CST" skipped="0">
  <testcase classname="com.crm.qa.testcases.LoginPageTest" name="loginPageTitleTest" time="5.907"/>
  <testcase classname="com.crm.qa.testcases.LoginPageTest" name="crmLogoImagheTest" time="4.654"/>
  <testcase classname="com.crm.qa.testcases.LoginPageTest" name="login" time="11.278"/>
</testsuite> <!-- com.crm.qa.testcases.LoginPageTest -->
