<?xml version="1.0" encoding="UTF-8"?>
<!-- Generated by org.testng.reporters.JUnitReportReporter -->
<testsuite hostname="petluru_family" failures="0" tests="3" name="com.crm.qa.testcases.HomePageTest" time="36.031" errors="0" timestamp="2024-01-24T21:44:08 CST" skipped="0">
  <testcase classname="com.crm.qa.testcases.HomePageTest" name="verifyHomePageTitleTest" time="10.006"/>
  <testcase classname="com.crm.qa.testcases.HomePageTest" name="verifyUserNameTitle" time="11.920"/>
  <testcase classname="com.crm.qa.testcases.HomePageTest" name="verifyContactLinkText" time="14.105"/>
</testsuite> <!-- com.crm.qa.testcases.HomePageTest -->
