<?xml version="1.0" encoding="UTF-8"?>
<!-- Generated by org.testng.reporters.JUnitReportReporter -->
<testsuite hostname="petluru_family" failures="0" tests="10" name="com.crm.qa.testcases.ContactsPageTest" time="157.772" errors="0" timestamp="2024-01-24T21:44:08 CST" skipped="0">
  <testcase classname="com.crm.qa.testcases.ContactsPageTest" name="verifypageNumberTEst" time="13.197"/>
  <testcase classname="com.crm.qa.testcases.ContactsPageTest" name="verifyContactsPageLabel" time="10.751"/>
  <testcase classname="com.crm.qa.testcases.ContactsPageTest" name="selectContactTest" time="18.685"/>
  <testcase classname="com.crm.qa.testcases.ContactsPageTest" name="selectContacts" time="18.716"/>
  <testcase classname="com.crm.qa.testcases.ContactsPageTest" name="createNewContact" time="17.791"/>
  <testcase classname="com.crm.qa.testcases.ContactsPageTest" name="createNewContact" time="15.064"/>
  <testcase classname="com.crm.qa.testcases.ContactsPageTest" name="createNewContact" time="17.269"/>
  <testcase classname="com.crm.qa.testcases.ContactsPageTest" name="createNewContact" time="14.664"/>
  <testcase classname="com.crm.qa.testcases.ContactsPageTest" name="createNewContact" time="14.150"/>
  <testcase classname="com.crm.qa.testcases.ContactsPageTest" name="createNewContact" time="17.485"/>
</testsuite> <!-- com.crm.qa.testcases.ContactsPageTest -->
